<?xml version="1.0" encoding="UTF-8"?>
<!-- Generated by org.testng.reporters.JUnitXMLReporter -->
<testsuite ignored="4" hostname="Keshavaraj" failures="0" tests="2" name="Test" time="60.781" errors="0" timestamp="2022-10-13T12:58:08 IST">
  <testcase classname="com.crm.vtigerTest.Vtiger_CreateProductTest" name="createProductTest" time="16.279"/>
  <testcase classname="com.crm.vtigerTest.Vtiger_CreateOrganizationTest" name="createOrganizationTest" time="10.716"/>
  <testcase classname="com.crm.generic_utilitie.BaseClass" name="@BeforeTest BT" time="0.0">
    <ignored/>
  </testcase> <!-- @BeforeTest BT -->
  <testcase classname="com.crm.generic_utilitie.BaseClass" name="@AfterSuite AS" time="0.0">
    <ignored/>
  </testcase> <!-- @AfterSuite AS -->
  <testcase classname="com.crm.generic_utilitie.BaseClass" name="@BeforeSuite BS" time="0.0">
    <ignored/>
  </testcase> <!-- @BeforeSuite BS -->
  <testcase classname="com.crm.generic_utilitie.BaseClass" name="@AfterTest AT" time="0.0">
    <ignored/>
  </testcase> <!-- @AfterTest AT -->
</testsuite> <!-- Test -->
