<?xml version="1.0" encoding="UTF-8"?>
<!-- Generated by org.testng.reporters.JUnitXMLReporter -->
<testsuite ignored="0" hostname="Keshavaraj" failures="0" tests="5" name="Default test" time="0.056" errors="0" timestamp="2022-12-24T18:59:09 IST">
  <testcase classname="com.crm.vtigerTest.ExampleDataProvidertest" name="bookTicket" time="0.007"/>
  <testcase classname="com.crm.vtigerTest.ExampleDataProvidertest" name="bookTicket" time="0.003"/>
  <testcase classname="com.crm.vtigerTest.ExampleDataProvidertest" name="bookTicket" time="0.002"/>
  <testcase classname="com.crm.vtigerTest.ExampleDataProvidertest" name="bookTicket" time="0.001"/>
  <testcase classname="com.crm.vtigerTest.ExampleDataProvidertest" name="bookTicket" time="0.002"/>
</testsuite> <!-- Default test -->
