<?xml version="1.0" encoding="UTF-8"?>
<testng-results ignored="0" total="3" passed="3" failed="0" skipped="0">
  <reporter-output>
  </reporter-output>
  <suite started-at="2022-12-27T00:49:56 IST" name="Suite" finished-at="2022-12-27T00:50:18 IST" duration-ms="22000">
    <groups>
    </groups>
    <test started-at="2022-12-27T00:49:56 IST" name="Test1" finished-at="2022-12-27T00:50:09 IST" duration-ms="13134">
      <class name="seleniumbrowserStack.LaunchingInDifferentOS_VERSION_BROWSER">
        <test-method signature="differentOSTest(java.lang.String,java.lang.String,java.lang.String)[pri:0, instance:seleniumbrowserStack.LaunchingInDifferentOS_VERSION_BROWSER@2c1b194a]" started-at="2022-12-27T00:49:56 IST" name="differentOSTest" finished-at="2022-12-27T00:50:09 IST" duration-ms="13101" status="PASS">
          <params>
            <param index="0">
              <value>
                <![CDATA[Windows]]>
              </value>
            </param>
            <param index="1">
              <value>
                <![CDATA[10]]>
              </value>
            </param>
            <param index="2">
              <value>
                <![CDATA[chrome]]>
              </value>
            </param>
          </params>
          <reporter-output>
          </reporter-output>
        </test-method> <!-- differentOSTest -->
      </class> <!-- seleniumbrowserStack.LaunchingInDifferentOS_VERSION_BROWSER -->
    </test> <!-- Test1 -->
    <test started-at="2022-12-27T00:49:56 IST" name="Test2" finished-at="2022-12-27T00:50:14 IST" duration-ms="17915">
      <class name="seleniumbrowserStack.LaunchingInDifferentOS_VERSION_BROWSER">
        <test-method signature="differentOSTest(java.lang.String,java.lang.String,java.lang.String)[pri:0, instance:seleniumbrowserStack.LaunchingInDifferentOS_VERSION_BROWSER@5ab956d7]" started-at="2022-12-27T00:49:56 IST" name="differentOSTest" finished-at="2022-12-27T00:50:14 IST" duration-ms="17888" status="PASS">
          <params>
            <param index="0">
              <value>
                <![CDATA[Windows]]>
              </value>
            </param>
            <param index="1">
              <value>
                <![CDATA[11]]>
              </value>
            </param>
            <param index="2">
              <value>
                <![CDATA[firefox]]>
              </value>
            </param>
          </params>
          <reporter-output>
          </reporter-output>
        </test-method> <!-- differentOSTest -->
      </class> <!-- seleniumbrowserStack.LaunchingInDifferentOS_VERSION_BROWSER -->
    </test> <!-- Test2 -->
    <test started-at="2022-12-27T00:49:56 IST" name="Test3" finished-at="2022-12-27T00:50:18 IST" duration-ms="22000">
      <class name="seleniumbrowserStack.LaunchingInDifferentOS_VERSION_BROWSER">
        <test-method signature="differentOSTest(java.lang.String,java.lang.String,java.lang.String)[pri:0, instance:seleniumbrowserStack.LaunchingInDifferentOS_VERSION_BROWSER@2ddc9a9f]" started-at="2022-12-27T00:49:56 IST" name="differentOSTest" finished-at="2022-12-27T00:50:18 IST" duration-ms="21970" status="PASS">
          <params>
            <param index="0">
              <value>
                <![CDATA[OS X]]>
              </value>
            </param>
            <param index="1">
              <value>
                <![CDATA[Ventura]]>
              </value>
            </param>
            <param index="2">
              <value>
                <![CDATA[edge]]>
              </value>
            </param>
          </params>
          <reporter-output>
          </reporter-output>
        </test-method> <!-- differentOSTest -->
      </class> <!-- seleniumbrowserStack.LaunchingInDifferentOS_VERSION_BROWSER -->
    </test> <!-- Test3 -->
  </suite> <!-- Suite -->
</testng-results>
