<?xml version="1.0" encoding="UTF-8"?>
<testng-results ignored="0" total="5" passed="5" failed="0" skipped="0">
  <reporter-output>
  </reporter-output>
  <suite started-at="2022-12-24T18:59:09 IST" name="Default suite" finished-at="2022-12-24T18:59:09 IST" duration-ms="56">
    <groups>
    </groups>
    <test started-at="2022-12-24T18:59:09 IST" name="Default test" finished-at="2022-12-24T18:59:09 IST" duration-ms="56">
      <class name="com.crm.vtigerTest.ExampleDataProvidertest">
        <test-method signature="bookTicket(java.lang.String,java.lang.String)[pri:0, instance:com.crm.vtigerTest.ExampleDataProvidertest@4dbb42b7]" started-at="2022-12-24T18:59:09 IST" name="bookTicket" data-provider="dataProvider_Test" finished-at="2022-12-24T18:59:09 IST" duration-ms="7" status="PASS">
          <params>
            <param index="0">
              <value>
                <![CDATA[Bangaluru]]>
              </value>
            </param>
            <param index="1">
              <value>
                <![CDATA[Goa]]>
              </value>
            </param>
          </params>
          <reporter-output>
          </reporter-output>
        </test-method> <!-- bookTicket -->
        <test-method signature="bookTicket(java.lang.String,java.lang.String)[pri:0, instance:com.crm.vtigerTest.ExampleDataProvidertest@4dbb42b7]" started-at="2022-12-24T18:59:09 IST" name="bookTicket" data-provider="dataProvider_Test" finished-at="2022-12-24T18:59:09 IST" duration-ms="3" status="PASS">
          <params>
            <param index="0">
              <value>
                <![CDATA[Bangaluru]]>
              </value>
            </param>
            <param index="1">
              <value>
                <![CDATA[Mysore]]>
              </value>
            </param>
          </params>
          <reporter-output>
          </reporter-output>
        </test-method> <!-- bookTicket -->
        <test-method signature="bookTicket(java.lang.String,java.lang.String)[pri:0, instance:com.crm.vtigerTest.ExampleDataProvidertest@4dbb42b7]" started-at="2022-12-24T18:59:09 IST" name="bookTicket" data-provider="dataProvider_Test" finished-at="2022-12-24T18:59:09 IST" duration-ms="2" status="PASS">
          <params>
            <param index="0">
              <value>
                <![CDATA[Bangaluru]]>
              </value>
            </param>
            <param index="1">
              <value>
                <![CDATA[Mangaluru]]>
              </value>
            </param>
          </params>
          <reporter-output>
          </reporter-output>
        </test-method> <!-- bookTicket -->
        <test-method signature="bookTicket(java.lang.String,java.lang.String)[pri:0, instance:com.crm.vtigerTest.ExampleDataProvidertest@4dbb42b7]" started-at="2022-12-24T18:59:09 IST" name="bookTicket" data-provider="dataProvider_Test" finished-at="2022-12-24T18:59:09 IST" duration-ms="1" status="PASS">
          <params>
            <param index="0">
              <value>
                <![CDATA[Bangaluru]]>
              </value>
            </param>
            <param index="1">
              <value>
                <![CDATA[Chenai]]>
              </value>
            </param>
          </params>
          <reporter-output>
          </reporter-output>
        </test-method> <!-- bookTicket -->
        <test-method signature="bookTicket(java.lang.String,java.lang.String)[pri:0, instance:com.crm.vtigerTest.ExampleDataProvidertest@4dbb42b7]" started-at="2022-12-24T18:59:09 IST" name="bookTicket" data-provider="dataProvider_Test" finished-at="2022-12-24T18:59:09 IST" duration-ms="2" status="PASS">
          <params>
            <param index="0">
              <value>
                <![CDATA[Bangaluru]]>
              </value>
            </param>
            <param index="1">
              <value>
                <![CDATA[Mumbai]]>
              </value>
            </param>
          </params>
          <reporter-output>
          </reporter-output>
        </test-method> <!-- bookTicket -->
      </class> <!-- com.crm.vtigerTest.ExampleDataProvidertest -->
    </test> <!-- Default test -->
  </suite> <!-- Default suite -->
</testng-results>
