<?xml version="1.0" encoding="UTF-8"?>
<testng-results ignored="0" total="3" passed="3" failed="0" skipped="0">
  <reporter-output>
  </reporter-output>
  <suite started-at="2022-10-14T11:37:52 IST" name="Default suite" finished-at="2022-10-14T11:38:45 IST" duration-ms="53397">
    <groups>
    </groups>
    <test started-at="2022-10-14T11:37:52 IST" name="Default test" finished-at="2022-10-14T11:38:45 IST" duration-ms="53397">
      <class name="practice.DataproviderTest">
        <test-method signature="companyDetails(java.lang.String,java.lang.String,java.lang.String)[pri:0, instance:practice.DataproviderTest@f0da945]" started-at="2022-10-14T11:37:52 IST" name="companyDetails" data-provider="dataProvider_test" finished-at="2022-10-14T11:38:09 IST" duration-ms="17828" status="PASS">
          <params>
            <param index="0">
              <value>
                <![CDATA[raju]]>
              </value>
            </param>
            <param index="1">
              <value>
                <![CDATA[ramu]]>
              </value>
            </param>
            <param index="2">
              <value>
                <![CDATA[5]]>
              </value>
            </param>
          </params>
          <reporter-output>
          </reporter-output>
        </test-method> <!-- companyDetails -->
        <test-method signature="companyDetails(java.lang.String,java.lang.String,java.lang.String)[pri:0, instance:practice.DataproviderTest@f0da945]" started-at="2022-10-14T11:38:09 IST" name="companyDetails" data-provider="dataProvider_test" finished-at="2022-10-14T11:38:27 IST" duration-ms="17450" status="PASS">
          <params>
            <param index="0">
              <value>
                <![CDATA[rajesh]]>
              </value>
            </param>
            <param index="1">
              <value>
                <![CDATA[ramesh]]>
              </value>
            </param>
            <param index="2">
              <value>
                <![CDATA[10]]>
              </value>
            </param>
          </params>
          <reporter-output>
          </reporter-output>
        </test-method> <!-- companyDetails -->
        <test-method signature="companyDetails(java.lang.String,java.lang.String,java.lang.String)[pri:0, instance:practice.DataproviderTest@f0da945]" started-at="2022-10-14T11:38:27 IST" name="companyDetails" data-provider="dataProvider_test" finished-at="2022-10-14T11:38:45 IST" duration-ms="18084" status="PASS">
          <params>
            <param index="0">
              <value>
                <![CDATA[rakesh]]>
              </value>
            </param>
            <param index="1">
              <value>
                <![CDATA[ramaraju]]>
              </value>
            </param>
            <param index="2">
              <value>
                <![CDATA[10]]>
              </value>
            </param>
          </params>
          <reporter-output>
          </reporter-output>
        </test-method> <!-- companyDetails -->
      </class> <!-- practice.DataproviderTest -->
    </test> <!-- Default test -->
  </suite> <!-- Default suite -->
</testng-results>
