<?xml version="1.0" encoding="UTF-8"?>
<testng-results ignored="4" total="6" passed="2" failed="0" skipped="0">
  <reporter-output>
  </reporter-output>
  <suite started-at="2022-10-24T11:38:57 IST" name="Suite" finished-at="2022-10-24T11:40:30 IST" duration-ms="92512">
    <groups>
      <group name="regressionTest">
        <method signature="Vtiger_CreateOrganizationTest.createOrganizationTest()[pri:0, instance:com.crm.vtigerTest.Vtiger_CreateOrganizationTest@4b45a2f5]" name="createOrganizationTest" class="com.crm.vtigerTest.Vtiger_CreateOrganizationTest"/>
        <method signature="Vtiger_CreateProductTest.createProductTest()[pri:0, instance:com.crm.vtigerTest.Vtiger_CreateProductTest@5677323c]" name="createProductTest" class="com.crm.vtigerTest.Vtiger_CreateProductTest"/>
      </group> <!-- regressionTest -->
      <group name="smokeTest">
        <method signature="Vtiger_CreateOrganizationTest.createOrganizationTest()[pri:0, instance:com.crm.vtigerTest.Vtiger_CreateOrganizationTest@4b45a2f5]" name="createOrganizationTest" class="com.crm.vtigerTest.Vtiger_CreateOrganizationTest"/>
        <method signature="Vtiger_CreateProductTest.createProductTest()[pri:0, instance:com.crm.vtigerTest.Vtiger_CreateProductTest@5677323c]" name="createProductTest" class="com.crm.vtigerTest.Vtiger_CreateProductTest"/>
      </group> <!-- smokeTest -->
    </groups>
    <test started-at="2022-10-24T11:38:57 IST" name="Test" finished-at="2022-10-24T11:40:30 IST" duration-ms="92512">
      <class name="com.crm.vtigerTest.Vtiger_CreateProductTest">
        <test-method is-config="true" signature="BS()[pri:0, instance:com.crm.vtigerTest.Vtiger_CreateProductTest@5677323c]" started-at="2022-10-24T11:38:57 IST" name="BS" finished-at="2022-10-24T11:38:57 IST" duration-ms="6" status="PASS">
          <reporter-output>
          </reporter-output>
        </test-method> <!-- BS -->
        <test-method is-config="true" signature="BT()[pri:0, instance:com.crm.vtigerTest.Vtiger_CreateProductTest@5677323c]" started-at="2022-10-24T11:38:57 IST" name="BT" finished-at="2022-10-24T11:38:57 IST" duration-ms="0" status="PASS">
          <reporter-output>
          </reporter-output>
        </test-method> <!-- BT -->
        <test-method is-config="true" signature="BC()[pri:0, instance:com.crm.vtigerTest.Vtiger_CreateProductTest@5677323c]" started-at="2022-10-24T11:38:57 IST" name="BC" finished-at="2022-10-24T11:39:11 IST" duration-ms="13768" status="PASS">
          <reporter-output>
          </reporter-output>
        </test-method> <!-- BC -->
        <test-method is-config="true" signature="BM()[pri:0, instance:com.crm.vtigerTest.Vtiger_CreateProductTest@5677323c]" started-at="2022-10-24T11:39:11 IST" name="BM" finished-at="2022-10-24T11:39:44 IST" duration-ms="32673" status="PASS">
          <reporter-output>
          </reporter-output>
        </test-method> <!-- BM -->
        <test-method signature="createProductTest()[pri:0, instance:com.crm.vtigerTest.Vtiger_CreateProductTest@5677323c]" started-at="2022-10-24T11:39:44 IST" name="createProductTest" finished-at="2022-10-24T11:40:11 IST" duration-ms="27546" status="PASS">
          <reporter-output>
          </reporter-output>
        </test-method> <!-- createProductTest -->
        <test-method is-config="true" signature="AM()[pri:0, instance:com.crm.vtigerTest.Vtiger_CreateProductTest@5677323c]" started-at="2022-10-24T11:40:11 IST" name="AM" finished-at="2022-10-24T11:40:11 IST" duration-ms="0" status="PASS">
          <reporter-output>
          </reporter-output>
        </test-method> <!-- AM -->
        <test-method is-config="true" signature="AC()[pri:0, instance:com.crm.vtigerTest.Vtiger_CreateProductTest@5677323c]" started-at="2022-10-24T11:40:11 IST" name="AC" finished-at="2022-10-24T11:40:12 IST" duration-ms="449" status="PASS">
          <reporter-output>
          </reporter-output>
        </test-method> <!-- AC -->
        <test-method is-config="true" signature="AT()[pri:0, instance:com.crm.vtigerTest.Vtiger_CreateProductTest@5677323c]" started-at="2022-10-24T11:40:30 IST" name="AT" finished-at="2022-10-24T11:40:30 IST" duration-ms="1" status="PASS">
          <reporter-output>
          </reporter-output>
        </test-method> <!-- AT -->
        <test-method is-config="true" signature="AS()[pri:0, instance:com.crm.vtigerTest.Vtiger_CreateProductTest@5677323c]" started-at="2022-10-24T11:40:30 IST" name="AS" finished-at="2022-10-24T11:40:30 IST" duration-ms="0" status="PASS">
          <reporter-output>
          </reporter-output>
        </test-method> <!-- AS -->
      </class> <!-- com.crm.vtigerTest.Vtiger_CreateProductTest -->
      <class name="com.crm.vtigerTest.Vtiger_CreateOrganizationTest">
        <test-method is-config="true" signature="BC()[pri:0, instance:com.crm.vtigerTest.Vtiger_CreateOrganizationTest@4b45a2f5]" started-at="2022-10-24T11:40:12 IST" name="BC" finished-at="2022-10-24T11:40:13 IST" duration-ms="760" status="PASS">
          <reporter-output>
          </reporter-output>
        </test-method> <!-- BC -->
        <test-method is-config="true" signature="BM()[pri:0, instance:com.crm.vtigerTest.Vtiger_CreateOrganizationTest@4b45a2f5]" started-at="2022-10-24T11:40:13 IST" name="BM" finished-at="2022-10-24T11:40:20 IST" duration-ms="6987" status="PASS">
          <reporter-output>
          </reporter-output>
        </test-method> <!-- BM -->
        <test-method signature="createOrganizationTest()[pri:0, instance:com.crm.vtigerTest.Vtiger_CreateOrganizationTest@4b45a2f5]" started-at="2022-10-24T11:40:20 IST" name="createOrganizationTest" finished-at="2022-10-24T11:40:30 IST" duration-ms="9984" status="PASS">
          <reporter-output>
          </reporter-output>
        </test-method> <!-- createOrganizationTest -->
        <test-method is-config="true" signature="AM()[pri:0, instance:com.crm.vtigerTest.Vtiger_CreateOrganizationTest@4b45a2f5]" started-at="2022-10-24T11:40:30 IST" name="AM" finished-at="2022-10-24T11:40:30 IST" duration-ms="0" status="PASS">
          <reporter-output>
          </reporter-output>
        </test-method> <!-- AM -->
        <test-method is-config="true" signature="AC()[pri:0, instance:com.crm.vtigerTest.Vtiger_CreateOrganizationTest@4b45a2f5]" started-at="2022-10-24T11:40:30 IST" name="AC" finished-at="2022-10-24T11:40:30 IST" duration-ms="323" status="PASS">
          <reporter-output>
          </reporter-output>
        </test-method> <!-- AC -->
      </class> <!-- com.crm.vtigerTest.Vtiger_CreateOrganizationTest -->
    </test> <!-- Test -->
  </suite> <!-- Suite -->
</testng-results>
