<?xml version="1.0" encoding="UTF-8"?>
<testng-results ignored="0" total="1" passed="1" failed="0" skipped="0">
  <reporter-output>
  </reporter-output>
  <suite started-at="2023-01-15T13:42:42 IST" name="Default suite" finished-at="2023-01-15T13:42:49 IST" duration-ms="6939">
    <groups>
    </groups>
    <test started-at="2023-01-15T13:42:42 IST" name="Default test" finished-at="2023-01-15T13:42:49 IST" duration-ms="6939">
      <class name="extentReportCreation.ExtentReport">
        <test-method signature="extenreport()[pri:0, instance:extentReportCreation.ExtentReport@53ce1329]" started-at="2023-01-15T13:42:42 IST" name="extenreport" finished-at="2023-01-15T13:42:49 IST" duration-ms="6910" status="PASS">
          <reporter-output>
          </reporter-output>
        </test-method> <!-- extenreport -->
      </class> <!-- extentReportCreation.ExtentReport -->
    </test> <!-- Default test -->
  </suite> <!-- Default suite -->
</testng-results>
