<?xml version="1.0" encoding="UTF-8"?>
<testng-results ignored="0" total="1" passed="1" failed="0" skipped="0">
  <reporter-output>
  </reporter-output>
  <suite started-at="2022-12-20T21:31:19 IST" name="Default suite" finished-at="2022-12-20T21:31:44 IST" duration-ms="25276">
    <groups>
      <group name="regressionTest">
        <method signature="Vtiger_ContactWithOrganizationTest.contactwithorganizationTest()[pri:0, instance:com.crm.vtigerTest.Vtiger_ContactWithOrganizationTest@25fb8912]" name="contactwithorganizationTest" class="com.crm.vtigerTest.Vtiger_ContactWithOrganizationTest"/>
      </group> <!-- regressionTest -->
      <group name="smokeTest">
        <method signature="Vtiger_ContactWithOrganizationTest.contactwithorganizationTest()[pri:0, instance:com.crm.vtigerTest.Vtiger_ContactWithOrganizationTest@25fb8912]" name="contactwithorganizationTest" class="com.crm.vtigerTest.Vtiger_ContactWithOrganizationTest"/>
      </group> <!-- smokeTest -->
    </groups>
    <test started-at="2022-12-20T21:31:19 IST" name="Default test" finished-at="2022-12-20T21:31:44 IST" duration-ms="25276">
      <class name="com.crm.vtigerTest.Vtiger_ContactWithOrganizationTest">
        <test-method is-config="true" signature="BS()[pri:0, instance:com.crm.vtigerTest.Vtiger_ContactWithOrganizationTest@25fb8912]" started-at="2022-12-20T21:31:19 IST" name="BS" finished-at="2022-12-20T21:31:19 IST" duration-ms="8" status="PASS">
          <reporter-output>
          </reporter-output>
        </test-method> <!-- BS -->
        <test-method is-config="true" signature="BT()[pri:0, instance:com.crm.vtigerTest.Vtiger_ContactWithOrganizationTest@25fb8912]" started-at="2022-12-20T21:31:19 IST" name="BT" finished-at="2022-12-20T21:31:19 IST" duration-ms="1" status="PASS">
          <reporter-output>
          </reporter-output>
        </test-method> <!-- BT -->
        <test-method is-config="true" signature="BC()[pri:0, instance:com.crm.vtigerTest.Vtiger_ContactWithOrganizationTest@25fb8912]" started-at="2022-12-20T21:31:19 IST" name="BC" finished-at="2022-12-20T21:31:21 IST" duration-ms="2221" status="PASS">
          <reporter-output>
          </reporter-output>
        </test-method> <!-- BC -->
        <test-method is-config="true" signature="BM()[pri:0, instance:com.crm.vtigerTest.Vtiger_ContactWithOrganizationTest@25fb8912]" started-at="2022-12-20T21:31:21 IST" name="BM" finished-at="2022-12-20T21:31:28 IST" duration-ms="7010" status="PASS">
          <reporter-output>
          </reporter-output>
        </test-method> <!-- BM -->
        <test-method signature="contactwithorganizationTest()[pri:0, instance:com.crm.vtigerTest.Vtiger_ContactWithOrganizationTest@25fb8912]" started-at="2022-12-20T21:31:28 IST" name="contactwithorganizationTest" finished-at="2022-12-20T21:31:43 IST" duration-ms="15572" status="PASS">
          <reporter-output>
          </reporter-output>
        </test-method> <!-- contactwithorganizationTest -->
        <test-method is-config="true" signature="AM()[pri:0, instance:com.crm.vtigerTest.Vtiger_ContactWithOrganizationTest@25fb8912]" started-at="2022-12-20T21:31:43 IST" name="AM" finished-at="2022-12-20T21:31:43 IST" duration-ms="0" status="PASS">
          <reporter-output>
          </reporter-output>
        </test-method> <!-- AM -->
        <test-method is-config="true" signature="AC()[pri:0, instance:com.crm.vtigerTest.Vtiger_ContactWithOrganizationTest@25fb8912]" started-at="2022-12-20T21:31:43 IST" name="AC" finished-at="2022-12-20T21:31:44 IST" duration-ms="448" status="PASS">
          <reporter-output>
          </reporter-output>
        </test-method> <!-- AC -->
        <test-method is-config="true" signature="AT()[pri:0, instance:com.crm.vtigerTest.Vtiger_ContactWithOrganizationTest@25fb8912]" started-at="2022-12-20T21:31:44 IST" name="AT" finished-at="2022-12-20T21:31:44 IST" duration-ms="0" status="PASS">
          <reporter-output>
          </reporter-output>
        </test-method> <!-- AT -->
        <test-method is-config="true" signature="AS()[pri:0, instance:com.crm.vtigerTest.Vtiger_ContactWithOrganizationTest@25fb8912]" started-at="2022-12-20T21:31:44 IST" name="AS" finished-at="2022-12-20T21:31:44 IST" duration-ms="0" status="PASS">
          <reporter-output>
          </reporter-output>
        </test-method> <!-- AS -->
      </class> <!-- com.crm.vtigerTest.Vtiger_ContactWithOrganizationTest -->
    </test> <!-- Default test -->
  </suite> <!-- Default suite -->
</testng-results>
